Line 31: Class MSAdodcLib.Adodc of control adoReg was not a loaded control class.
Line 36: The property name _ExtentX in adoReg is invalid.
Line 37: The property name _ExtentY in adoReg is invalid.
Line 38: The property name ConnectMode in adoReg is invalid.
Line 39: The property name CursorLocation in adoReg is invalid.
Line 40: The property name IsolationLevel in adoReg is invalid.
Line 41: The property name ConnectionTimeout in adoReg is invalid.
Line 42: The property name CommandTimeout in adoReg is invalid.
Line 43: The property name CursorType in adoReg is invalid.
Line 44: The property name LockType in adoReg is invalid.
Line 45: The property name CommandType in adoReg is invalid.
Line 46: The property name CursorOptions in adoReg is invalid.
Line 47: The property name CacheSize in adoReg is invalid.
Line 48: The property name MaxRecords in adoReg is invalid.
Line 49: The property name BOFAction in adoReg is invalid.
Line 50: The property name EOFAction in adoReg is invalid.
Line 51: The property name ConnectStringType in adoReg is invalid.
Line 55: The property name Orientation in adoReg is invalid.
Line 57: The property name Connect in adoReg is invalid.
Line 58: The property name OLEDBString in adoReg is invalid.
Line 59: The property name OLEDBFile in adoReg is invalid.
Line 60: The property name DataSourceName in adoReg is invalid.
Line 61: The property name OtherAttributes in adoReg is invalid.
Line 62: The property name UserName in adoReg is invalid.
Line 63: The property name Password in adoReg is invalid.
Line 64: The property name RecordSource in adoReg is invalid.
Line 65: The property name Caption in adoReg is invalid.
Line 75: The property name _Version in adoReg is invalid.
